This is pdfTeX, Version 3.14159265-2.6-1.40.18 (TeX Live 2017) (preloaded format=pdflatex 2017.5.23)  18 NOV 2017 11:40
entering extended mode
 \write18 enabled.
 %&-line parsing enabled.
**main.tex
(./main.tex
LaTeX2e <2017-04-15>
Babel <3.10> and hyphenation patterns for 84 language(s) loaded.
(/usr/local/texlive/2017/texmf-dist/tex/latex/base/article.cls
Document Class: article 2014/09/29 v1.4h Standard LaTeX document class
(/usr/local/texlive/2017/texmf-dist/tex/latex/base/size10.clo
File: size10.clo 2014/09/29 v1.4h Standard LaTeX file (size option)
)
\c@part=\count79
\c@section=\count80
\c@subsection=\count81
\c@subsubsection=\count82
\c@paragraph=\count83
\c@subparagraph=\count84
\c@figure=\count85
\c@table=\count86
\abovecaptionskip=\skip41
\belowcaptionskip=\skip42
\bibindent=\dimen102
) (/usr/local/texlive/2017/texmf-dist/tex/latex/graphics/graphicx.sty
Package: graphicx 2014/10/28 v1.0g Enhanced LaTeX Graphics (DPC,SPQR)
(/usr/local/texlive/2017/texmf-dist/tex/latex/graphics/keyval.sty
Package: keyval 2014/10/28 v1.15 key=value parser (DPC)
\KV@toks@=\toks14
) (/usr/local/texlive/2017/texmf-dist/tex/latex/graphics/graphics.sty
Package: graphics 2017/04/14 v1.1b Standard LaTeX Graphics (DPC,SPQR)
(/usr/local/texlive/2017/texmf-dist/tex/latex/graphics/trig.sty
Package: trig 2016/01/03 v1.10 sin cos tan (DPC)
) (/usr/local/texlive/2017/texmf-dist/tex/latex/graphics-cfg/graphics.cfg
File: graphics.cfg 2016/06/04 v1.11 sample graphics configuration
)
Package graphics Info: Driver file: pdftex.def on input line 99.
(/usr/local/texlive/2017/texmf-dist/tex/latex/graphics-def/pdftex.def
File: pdftex.def 2017/01/12 v0.06k Graphics/color for pdfTeX
(/usr/local/texlive/2017/texmf-dist/tex/generic/oberdiek/infwarerr.sty
Package: infwarerr 2016/05/16 v1.4 Providing info/warning/error messages (HO)
) (/usr/local/texlive/2017/texmf-dist/tex/generic/oberdiek/ltxcmds.sty
Package: ltxcmds 2016/05/16 v1.23 LaTeX kernel commands for general use (HO)
)
\Gread@gobject=\count87
))
\Gin@req@height=\dimen103
\Gin@req@width=\dimen104
) (/usr/local/texlive/2017/texmf-dist/tex/latex/amsmath/amsmath.sty
Package: amsmath 2016/11/05 v2.16a AMS math features
\@mathmargin=\skip43
For additional information on amsmath, use the `?' option.
(/usr/local/texlive/2017/texmf-dist/tex/latex/amsmath/amstext.sty
Package: amstext 2000/06/29 v2.01 AMS text
(/usr/local/texlive/2017/texmf-dist/tex/latex/amsmath/amsgen.sty
File: amsgen.sty 1999/11/30 v2.0 generic functions
\@emptytoks=\toks15
\ex@=\dimen105
)) (/usr/local/texlive/2017/texmf-dist/tex/latex/amsmath/amsbsy.sty
Package: amsbsy 1999/11/29 v1.2d Bold Symbols
\pmbraise@=\dimen106
) (/usr/local/texlive/2017/texmf-dist/tex/latex/amsmath/amsopn.sty
Package: amsopn 2016/03/08 v2.02 operator names
)
\inf@bad=\count88
LaTeX Info: Redefining \frac on input line 213.
\uproot@=\count89
\leftroot@=\count90
LaTeX Info: Redefining \overline on input line 375.
\classnum@=\count91
\DOTSCASE@=\count92
LaTeX Info: Redefining \ldots on input line 472.
LaTeX Info: Redefining \dots on input line 475.
LaTeX Info: Redefining \cdots on input line 596.
\Mathstrutbox@=\box26
\strutbox@=\box27
\big@size=\dimen107
LaTeX Font Info:    Redeclaring font encoding OML on input line 712.
LaTeX Font Info:    Redeclaring font encoding OMS on input line 713.
\macc@depth=\count93
\c@MaxMatrixCols=\count94
\dotsspace@=\muskip10
\c@parentequation=\count95
\dspbrk@lvl=\count96
\tag@help=\toks16
\row@=\count97
\column@=\count98
\maxfields@=\count99
\andhelp@=\toks17
\eqnshift@=\dimen108
\alignsep@=\dimen109
\tagshift@=\dimen110
\tagwidth@=\dimen111
\totwidth@=\dimen112
\lineht@=\dimen113
\@envbody=\toks18
\multlinegap=\skip44
\multlinetaggap=\skip45
\mathdisplay@stack=\toks19
LaTeX Info: Redefining \[ on input line 2817.
LaTeX Info: Redefining \] on input line 2818.
) (/usr/local/texlive/2017/texmf-dist/tex/latex/float/float.sty
Package: float 2001/11/08 v1.3d Float enhancements (AL)
\c@float@type=\count100
\float@exts=\toks20
\float@box=\box28
\@float@everytoks=\toks21
\@floatcapt=\box29
) (/usr/local/texlive/2017/texmf-dist/tex/latex/base/inputenc.sty
Package: inputenc 2015/03/17 v1.2c Input encoding file
\inpenc@prehook=\toks22
\inpenc@posthook=\toks23
(/usr/local/texlive/2017/texmf-dist/tex/latex/base/utf8.def
File: utf8.def 2017/01/28 v1.1t UTF-8 support for inputenc
Now handling font encoding OML ...
... no UTF-8 mapping file for font encoding OML
Now handling font encoding T1 ...
... processing UTF-8 mapping file for font encoding T1
(/usr/local/texlive/2017/texmf-dist/tex/latex/base/t1enc.dfu
File: t1enc.dfu 2017/01/28 v1.1t UTF-8 support for inputenc
   defining Unicode char U+00A0 (decimal 160)
   defining Unicode char U+00A1 (decimal 161)
   defining Unicode char U+00A3 (decimal 163)
   defining Unicode char U+00AB (decimal 171)
   defining Unicode char U+00AD (decimal 173)
   defining Unicode char U+00BB (decimal 187)
   defining Unicode char U+00BF (decimal 191)
   defining Unicode char U+00C0 (decimal 192)
   defining Unicode char U+00C1 (decimal 193)
   defining Unicode char U+00C2 (decimal 194)
   defining Unicode char U+00C3 (decimal 195)
   defining Unicode char U+00C4 (decimal 196)
   defining Unicode char U+00C5 (decimal 197)
   defining Unicode char U+00C6 (decimal 198)
   defining Unicode char U+00C7 (decimal 199)
   defining Unicode char U+00C8 (decimal 200)
   defining Unicode char U+00C9 (decimal 201)
   defining Unicode char U+00CA (decimal 202)
   defining Unicode char U+00CB (decimal 203)
   defining Unicode char U+00CC (decimal 204)
   defining Unicode char U+00CD (decimal 205)
   defining Unicode char U+00CE (decimal 206)
   defining Unicode char U+00CF (decimal 207)
   defining Unicode char U+00D0 (decimal 208)
   defining Unicode char U+00D1 (decimal 209)
   defining Unicode char U+00D2 (decimal 210)
   defining Unicode char U+00D3 (decimal 211)
   defining Unicode char U+00D4 (decimal 212)
   defining Unicode char U+00D5 (decimal 213)
   defining Unicode char U+00D6 (decimal 214)
   defining Unicode char U+00D8 (decimal 216)
   defining Unicode char U+00D9 (decimal 217)
   defining Unicode char U+00DA (decimal 218)
   defining Unicode char U+00DB (decimal 219)
   defining Unicode char U+00DC (decimal 220)
   defining Unicode char U+00DD (decimal 221)
   defining Unicode char U+00DE (decimal 222)
   defining Unicode char U+00DF (decimal 223)
   defining Unicode char U+00E0 (decimal 224)
   defining Unicode char U+00E1 (decimal 225)
   defining Unicode char U+00E2 (decimal 226)
   defining Unicode char U+00E3 (decimal 227)
   defining Unicode char U+00E4 (decimal 228)
   defining Unicode char U+00E5 (decimal 229)
   defining Unicode char U+00E6 (decimal 230)
   defining Unicode char U+00E7 (decimal 231)
   defining Unicode char U+00E8 (decimal 232)
   defining Unicode char U+00E9 (decimal 233)
   defining Unicode char U+00EA (decimal 234)
   defining Unicode char U+00EB (decimal 235)
   defining Unicode char U+00EC (decimal 236)
   defining Unicode char U+00ED (decimal 237)
   defining Unicode char U+00EE (decimal 238)
   defining Unicode char U+00EF (decimal 239)
   defining Unicode char U+00F0 (decimal 240)
   defining Unicode char U+00F1 (decimal 241)
   defining Unicode char U+00F2 (decimal 242)
   defining Unicode char U+00F3 (decimal 243)
   defining Unicode char U+00F4 (decimal 244)
   defining Unicode char U+00F5 (decimal 245)
   defining Unicode char U+00F6 (decimal 246)
   defining Unicode char U+00F8 (decimal 248)
   defining Unicode char U+00F9 (decimal 249)
   defining Unicode char U+00FA (decimal 250)
   defining Unicode char U+00FB (decimal 251)
   defining Unicode char U+00FC (decimal 252)
   defining Unicode char U+00FD (decimal 253)
   defining Unicode char U+00FE (decimal 254)
   defining Unicode char U+00FF (decimal 255)
   defining Unicode char U+0100 (decimal 256)
   defining Unicode char U+0101 (decimal 257)
   defining Unicode char U+0102 (decimal 258)
   defining Unicode char U+0103 (decimal 259)
   defining Unicode char U+0104 (decimal 260)
   defining Unicode char U+0105 (decimal 261)
   defining Unicode char U+0106 (decimal 262)
   defining Unicode char U+0107 (decimal 263)
   defining Unicode char U+0108 (decimal 264)
   defining Unicode char U+0109 (decimal 265)
   defining Unicode char U+010A (decimal 266)
   defining Unicode char U+010B (decimal 267)
   defining Unicode char U+010C (decimal 268)
   defining Unicode char U+010D (decimal 269)
   defining Unicode char U+010E (decimal 270)
   defining Unicode char U+010F (decimal 271)
   defining Unicode char U+0110 (decimal 272)
   defining Unicode char U+0111 (decimal 273)
   defining Unicode char U+0112 (decimal 274)
   defining Unicode char U+0113 (decimal 275)
   defining Unicode char U+0114 (decimal 276)
   defining Unicode char U+0115 (decimal 277)
   defining Unicode char U+0116 (decimal 278)
   defining Unicode char U+0117 (decimal 279)
   defining Unicode char U+0118 (decimal 280)
   defining Unicode char U+0119 (decimal 281)
   defining Unicode char U+011A (decimal 282)
   defining Unicode char U+011B (decimal 283)
   defining Unicode char U+011C (decimal 284)
   defining Unicode char U+011D (decimal 285)
   defining Unicode char U+011E (decimal 286)
   defining Unicode char U+011F (decimal 287)
   defining Unicode char U+0120 (decimal 288)
   defining Unicode char U+0121 (decimal 289)
   defining Unicode char U+0122 (decimal 290)
   defining Unicode char U+0123 (decimal 291)
   defining Unicode char U+0124 (decimal 292)
   defining Unicode char U+0125 (decimal 293)
   defining Unicode char U+0128 (decimal 296)
   defining Unicode char U+0129 (decimal 297)
   defining Unicode char U+012A (decimal 298)
   defining Unicode char U+012B (decimal 299)
   defining Unicode char U+012C (decimal 300)
   defining Unicode char U+012D (decimal 301)
   defining Unicode char U+012E (decimal 302)
   defining Unicode char U+012F (decimal 303)
   defining Unicode char U+0130 (decimal 304)
   defining Unicode char U+0131 (decimal 305)
   defining Unicode char U+0132 (decimal 306)
   defining Unicode char U+0133 (decimal 307)
   defining Unicode char U+0134 (decimal 308)
   defining Unicode char U+0135 (decimal 309)
   defining Unicode char U+0136 (decimal 310)
   defining Unicode char U+0137 (decimal 311)
   defining Unicode char U+0139 (decimal 313)
   defining Unicode char U+013A (decimal 314)
   defining Unicode char U+013B (decimal 315)
   defining Unicode char U+013C (decimal 316)
   defining Unicode char U+013D (decimal 317)
   defining Unicode char U+013E (decimal 318)
   defining Unicode char U+0141 (decimal 321)
   defining Unicode char U+0142 (decimal 322)
   defining Unicode char U+0143 (decimal 323)
   defining Unicode char U+0144 (decimal 324)
   defining Unicode char U+0145 (decimal 325)
   defining Unicode char U+0146 (decimal 326)
   defining Unicode char U+0147 (decimal 327)
   defining Unicode char U+0148 (decimal 328)
   defining Unicode char U+014A (decimal 330)
   defining Unicode char U+014B (decimal 331)
   defining Unicode char U+014C (decimal 332)
   defining Unicode char U+014D (decimal 333)
   defining Unicode char U+014E (decimal 334)
   defining Unicode char U+014F (decimal 335)
   defining Unicode char U+0150 (decimal 336)
   defining Unicode char U+0151 (decimal 337)
   defining Unicode char U+0152 (decimal 338)
   defining Unicode char U+0153 (decimal 339)
   defining Unicode char U+0154 (decimal 340)
   defining Unicode char U+0155 (decimal 341)
   defining Unicode char U+0156 (decimal 342)
   defining Unicode char U+0157 (decimal 343)
   defining Unicode char U+0158 (decimal 344)
   defining Unicode char U+0159 (decimal 345)
   defining Unicode char U+015A (decimal 346)
   defining Unicode char U+015B (decimal 347)
   defining Unicode char U+015C (decimal 348)
   defining Unicode char U+015D (decimal 349)
   defining Unicode char U+015E (decimal 350)
   defining Unicode char U+015F (decimal 351)
   defining Unicode char U+0160 (decimal 352)
   defining Unicode char U+0161 (decimal 353)
   defining Unicode char U+0162 (decimal 354)
   defining Unicode char U+0163 (decimal 355)
   defining Unicode char U+0164 (decimal 356)
   defining Unicode char U+0165 (decimal 357)
   defining Unicode char U+0168 (decimal 360)
   defining Unicode char U+0169 (decimal 361)
   defining Unicode char U+016A (decimal 362)
   defining Unicode char U+016B (decimal 363)
   defining Unicode char U+016C (decimal 364)
   defining Unicode char U+016D (decimal 365)
   defining Unicode char U+016E (decimal 366)
   defining Unicode char U+016F (decimal 367)
   defining Unicode char U+0170 (decimal 368)
   defining Unicode char U+0171 (decimal 369)
   defining Unicode char U+0172 (decimal 370)
   defining Unicode char U+0173 (decimal 371)
   defining Unicode char U+0174 (decimal 372)
   defining Unicode char U+0175 (decimal 373)
   defining Unicode char U+0176 (decimal 374)
   defining Unicode char U+0177 (decimal 375)
   defining Unicode char U+0178 (decimal 376)
   defining Unicode char U+0179 (decimal 377)
   defining Unicode char U+017A (decimal 378)
   defining Unicode char U+017B (decimal 379)
   defining Unicode char U+017C (decimal 380)
   defining Unicode char U+017D (decimal 381)
   defining Unicode char U+017E (decimal 382)
   defining Unicode char U+01CD (decimal 461)
   defining Unicode char U+01CE (decimal 462)
   defining Unicode char U+01CF (decimal 463)
   defining Unicode char U+01D0 (decimal 464)
   defining Unicode char U+01D1 (decimal 465)
   defining Unicode char U+01D2 (decimal 466)
   defining Unicode char U+01D3 (decimal 467)
   defining Unicode char U+01D4 (decimal 468)
   defining Unicode char U+01E2 (decimal 482)
   defining Unicode char U+01E3 (decimal 483)
   defining Unicode char U+01E6 (decimal 486)
   defining Unicode char U+01E7 (decimal 487)
   defining Unicode char U+01E8 (decimal 488)
   defining Unicode char U+01E9 (decimal 489)
   defining Unicode char U+01EA (decimal 490)
   defining Unicode char U+01EB (decimal 491)
   defining Unicode char U+01F0 (decimal 496)
   defining Unicode char U+01F4 (decimal 500)
   defining Unicode char U+01F5 (decimal 501)
   defining Unicode char U+0218 (decimal 536)
   defining Unicode char U+0219 (decimal 537)
   defining Unicode char U+021A (decimal 538)
   defining Unicode char U+021B (decimal 539)
   defining Unicode char U+0232 (decimal 562)
   defining Unicode char U+0233 (decimal 563)
   defining Unicode char U+1E02 (decimal 7682)
   defining Unicode char U+1E03 (decimal 7683)
   defining Unicode char U+200C (decimal 8204)
   defining Unicode char U+2010 (decimal 8208)
   defining Unicode char U+2011 (decimal 8209)
   defining Unicode char U+2012 (decimal 8210)
   defining Unicode char U+2013 (decimal 8211)
   defining Unicode char U+2014 (decimal 8212)
   defining Unicode char U+2015 (decimal 8213)
   defining Unicode char U+2018 (decimal 8216)
   defining Unicode char U+2019 (decimal 8217)
   defining Unicode char U+201A (decimal 8218)
   defining Unicode char U+201C (decimal 8220)
   defining Unicode char U+201D (decimal 8221)
   defining Unicode char U+201E (decimal 8222)
   defining Unicode char U+2030 (decimal 8240)
   defining Unicode char U+2031 (decimal 8241)
   defining Unicode char U+2039 (decimal 8249)
   defining Unicode char U+203A (decimal 8250)
   defining Unicode char U+2423 (decimal 9251)
   defining Unicode char U+1E20 (decimal 7712)
   defining Unicode char U+1E21 (decimal 7713)
)
Now handling font encoding OT1 ...
... processing UTF-8 mapping file for font encoding OT1
(/usr/local/texlive/2017/texmf-dist/tex/latex/base/ot1enc.dfu
File: ot1enc.dfu 2017/01/28 v1.1t UTF-8 support for inputenc
   defining Unicode char U+00A0 (decimal 160)
   defining Unicode char U+00A1 (decimal 161)
   defining Unicode char U+00A3 (decimal 163)
   defining Unicode char U+00AD (decimal 173)
   defining Unicode char U+00B8 (decimal 184)
   defining Unicode char U+00BF (decimal 191)
   defining Unicode char U+00C5 (decimal 197)
   defining Unicode char U+00C6 (decimal 198)
   defining Unicode char U+00D8 (decimal 216)
   defining Unicode char U+00DF (decimal 223)
   defining Unicode char U+00E6 (decimal 230)
   defining Unicode char U+00EC (decimal 236)
   defining Unicode char U+00ED (decimal 237)
   defining Unicode char U+00EE (decimal 238)
   defining Unicode char U+00EF (decimal 239)
   defining Unicode char U+00F8 (decimal 248)
   defining Unicode char U+0131 (decimal 305)
   defining Unicode char U+0141 (decimal 321)
   defining Unicode char U+0142 (decimal 322)
   defining Unicode char U+0152 (decimal 338)
   defining Unicode char U+0153 (decimal 339)
   defining Unicode char U+0174 (decimal 372)
   defining Unicode char U+0175 (decimal 373)
   defining Unicode char U+0176 (decimal 374)
   defining Unicode char U+0177 (decimal 375)
   defining Unicode char U+0218 (decimal 536)
   defining Unicode char U+0219 (decimal 537)
   defining Unicode char U+021A (decimal 538)
   defining Unicode char U+021B (decimal 539)
   defining Unicode char U+2013 (decimal 8211)
   defining Unicode char U+2014 (decimal 8212)
   defining Unicode char U+2018 (decimal 8216)
   defining Unicode char U+2019 (decimal 8217)
   defining Unicode char U+201C (decimal 8220)
   defining Unicode char U+201D (decimal 8221)
)
Now handling font encoding OMS ...
... processing UTF-8 mapping file for font encoding OMS
(/usr/local/texlive/2017/texmf-dist/tex/latex/base/omsenc.dfu
File: omsenc.dfu 2017/01/28 v1.1t UTF-8 support for inputenc
   defining Unicode char U+00A7 (decimal 167)
   defining Unicode char U+00B6 (decimal 182)
   defining Unicode char U+00B7 (decimal 183)
   defining Unicode char U+2020 (decimal 8224)
   defining Unicode char U+2021 (decimal 8225)
   defining Unicode char U+2022 (decimal 8226)
)
Now handling font encoding OMX ...
... no UTF-8 mapping file for font encoding OMX
Now handling font encoding U ...
... no UTF-8 mapping file for font encoding U
   defining Unicode char U+00A9 (decimal 169)
   defining Unicode char U+00AA (decimal 170)
   defining Unicode char U+00AE (decimal 174)
   defining Unicode char U+00BA (decimal 186)
   defining Unicode char U+02C6 (decimal 710)
   defining Unicode char U+02DC (decimal 732)
   defining Unicode char U+200C (decimal 8204)
   defining Unicode char U+2026 (decimal 8230)
   defining Unicode char U+2122 (decimal 8482)
   defining Unicode char U+2423 (decimal 9251)
)) (./main.aux)
\openout1 = `main.aux'.

LaTeX Font Info:    Checking defaults for OML/cmm/m/it on input line 8.
LaTeX Font Info:    ... okay on input line 8.
LaTeX Font Info:    Checking defaults for T1/cmr/m/n on input line 8.
LaTeX Font Info:    ... okay on input line 8.
LaTeX Font Info:    Checking defaults for OT1/cmr/m/n on input line 8.
LaTeX Font Info:    ... okay on input line 8.
LaTeX Font Info:    Checking defaults for OMS/cmsy/m/n on input line 8.
LaTeX Font Info:    ... okay on input line 8.
LaTeX Font Info:    Checking defaults for OMX/cmex/m/n on input line 8.
LaTeX Font Info:    ... okay on input line 8.
LaTeX Font Info:    Checking defaults for U/cmr/m/n on input line 8.
LaTeX Font Info:    ... okay on input line 8.
(/usr/local/texlive/2017/texmf-dist/tex/context/base/mkii/supp-pdf.mkii
[Loading MPS to PDF converter (version 2006.09.02).]
\scratchcounter=\count101
\scratchdimen=\dimen114
\scratchbox=\box30
\nofMPsegments=\count102
\nofMParguments=\count103
\everyMPshowfont=\toks24
\MPscratchCnt=\count104
\MPscratchDim=\dimen115
\MPnumerator=\count105
\makeMPintoPDFobject=\count106
\everyMPtoPDFconversion=\toks25
) (/usr/local/texlive/2017/texmf-dist/tex/generic/oberdiek/pdftexcmds.sty
Package: pdftexcmds 2017/03/19 v0.25 Utility functions of pdfTeX for LuaTeX (HO
)
(/usr/local/texlive/2017/texmf-dist/tex/generic/oberdiek/ifluatex.sty
Package: ifluatex 2016/05/16 v1.4 Provides the ifluatex switch (HO)
Package ifluatex Info: LuaTeX not detected.
) (/usr/local/texlive/2017/texmf-dist/tex/generic/oberdiek/ifpdf.sty
Package: ifpdf 2017/03/15 v3.2 Provides the ifpdf switch
)
Package pdftexcmds Info: LuaTeX not detected.
Package pdftexcmds Info: \pdf@primitive is available.
Package pdftexcmds Info: \pdf@ifprimitive is available.
Package pdftexcmds Info: \pdfdraftmode found.
) (/usr/local/texlive/2017/texmf-dist/tex/latex/oberdiek/epstopdf-base.sty
Package: epstopdf-base 2016/05/15 v2.6 Base part for package epstopdf
(/usr/local/texlive/2017/texmf-dist/tex/latex/oberdiek/grfext.sty
Package: grfext 2016/05/16 v1.2 Manage graphics extensions (HO)
(/usr/local/texlive/2017/texmf-dist/tex/generic/oberdiek/kvdefinekeys.sty
Package: kvdefinekeys 2016/05/16 v1.4 Define keys (HO)
)) (/usr/local/texlive/2017/texmf-dist/tex/latex/oberdiek/kvoptions.sty
Package: kvoptions 2016/05/16 v3.12 Key value format for package options (HO)
(/usr/local/texlive/2017/texmf-dist/tex/generic/oberdiek/kvsetkeys.sty
Package: kvsetkeys 2016/05/16 v1.17 Key value parser (HO)
(/usr/local/texlive/2017/texmf-dist/tex/generic/oberdiek/etexcmds.sty
Package: etexcmds 2016/05/16 v1.6 Avoid name clashes with e-TeX commands (HO)
Package etexcmds Info: Could not find \expanded.
(etexcmds)             That can mean that you are not using pdfTeX 1.50 or
(etexcmds)             that some package has redefined \expanded.
(etexcmds)             In the latter case, load this package earlier.
)))
Package epstopdf-base Info: Redefining graphics rule for `.eps' on input line 4
38.
Package grfext Info: Graphics extension search list:
(grfext)             [.png,.pdf,.jpg,.mps,.jpeg,.jbig2,.jb2,.PNG,.PDF,.JPG,.JPE
G,.JBIG2,.JB2,.eps]
(grfext)             \AppendGraphicsExtensions on input line 456.
(/usr/local/texlive/2017/texmf-dist/tex/latex/latexconfig/epstopdf-sys.cfg
File: epstopdf-sys.cfg 2010/07/13 v1.3 Configuration of (r)epstopdf for TeX Liv
e
))
Underfull \hbox (badness 10000) in paragraph at lines 10--13

 []

<baseline_screenshots/wavedrom.png, id=1, 421.575pt x 180.675pt>
File: baseline_screenshots/wavedrom.png Graphic file (type png)
<use baseline_screenshots/wavedrom.png>
Package pdftex.def Info: baseline_screenshots/wavedrom.png used on input line 1
7.
(pdftex.def)             Requested size: 345.0pt x 147.85945pt.
[1

{/usr/local/texlive/2017/texmf-var/fonts/map/pdftex/updmap/pdftex.map} <./basel
ine_screenshots/wavedrom.png>] <baseline_screenshots/XNOR3.png, id=13, 971.63pt
 x 867.24pt>
File: baseline_screenshots/XNOR3.png Graphic file (type png)
<use baseline_screenshots/XNOR3.png>
Package pdftex.def Info: baseline_screenshots/XNOR3.png used on input line 29.
(pdftex.def)             Requested size: 345.0pt x 307.9319pt.
<baseline_screenshots/baseline.png, id=14, 823.075pt x 862.22125pt>
File: baseline_screenshots/baseline.png Graphic file (type png)
<use baseline_screenshots/baseline.png>
Package pdftex.def Info: baseline_screenshots/baseline.png used on input line 3
5.
(pdftex.def)             Requested size: 345.0pt x 361.40685pt.
[2 <./baseline_screenshots/XNOR3.png>] [3 <./baseline_screenshots/baseline.png>
]
<baseline_screenshots/baseline_test_logic_waveform.png, id=23, 871.255pt x 700.
6175pt>
File: baseline_screenshots/baseline_test_logic_waveform.png Graphic file (type 
png)
<use baseline_screenshots/baseline_test_logic_waveform.png>
Package pdftex.def Info: baseline_screenshots/baseline_test_logic_waveform.png 
used on input line 48.
(pdftex.def)             Requested size: 345.0pt x 277.43042pt.

<baseline_screenshots/baseline_test_logic_sch.png, id=24, 998.73125pt x 670.505
pt>
File: baseline_screenshots/baseline_test_logic_sch.png Graphic file (type png)
<use baseline_screenshots/baseline_test_logic_sch.png>
Package pdftex.def Info: baseline_screenshots/baseline_test_logic_sch.png used 
on input line 54.
(pdftex.def)             Requested size: 345.0pt x 231.61095pt.
[4 <./baseline_screenshots/baseline_test_logic_waveform.png>]
Overfull \hbox (13.50052pt too wide) in paragraph at lines 60--61
\OT1/cmr/m/n/10 (0\OML/cmm/m/it/10 xffff; \OT1/cmr/m/n/10 0\OML/cmm/m/it/10 xff
ff\OT1/cmr/m/n/10 ) \OMS/cmsy/m/n/10 ! \OT1/cmr/m/n/10 (0\OML/cmm/m/it/10 x\OT1
/cmr/m/n/10 0000\OML/cmm/m/it/10 ; \OT1/cmr/m/n/10 0\OML/cmm/m/it/10 xffff\OT1/
cmr/m/n/10 ) \OMS/cmsy/m/n/10 ! \OT1/cmr/m/n/10 (0\OML/cmm/m/it/10 xffff; \OT1/
cmr/m/n/10 0\OML/cmm/m/it/10 x\OT1/cmr/m/n/10 0000) \OMS/cmsy/m/n/10 ! \OT1/cmr
/m/n/10 (0\OML/cmm/m/it/10 x\OT1/cmr/m/n/10 0000\OML/cmm/m/it/10 ; \OT1/cmr/m/n
/10 0\OML/cmm/m/it/10 x\OT1/cmr/m/n/10 0000)$.
 []


<opt_screenshots/test_logic_16b_adder.png, id=30, 1472.50125pt x 1006.76125pt>
File: opt_screenshots/test_logic_16b_adder.png Graphic file (type png)
<use opt_screenshots/test_logic_16b_adder.png>
Package pdftex.def Info: opt_screenshots/test_logic_16b_adder.png used on input
 line 63.
(pdftex.def)             Requested size: 345.0pt x 235.88228pt.
[5 <./baseline_screenshots/baseline_test_logic_sch.png>]
Underfull \hbox (badness 10000) in paragraph at lines 69--70

 []

[6 <./opt_screenshots/test_logic_16b_adder.png>] [7]
Underfull \hbox (badness 10000) in paragraph at lines 112--114

 []


Underfull \hbox (badness 10000) in paragraph at lines 116--120

 []


Underfull \hbox (badness 10000) in paragraph at lines 121--122

 []


Underfull \hbox (badness 10000) in paragraph at lines 131--132

 []

[8]
Underfull \hbox (badness 10000) in paragraph at lines 138--139

 []


<baseline_screenshots/sum_out_waveform.png, id=51, 1051.42813pt x 925.95938pt>
File: baseline_screenshots/sum_out_waveform.png Graphic file (type png)
<use baseline_screenshots/sum_out_waveform.png>
Package pdftex.def Info: baseline_screenshots/sum_out_waveform.png used on inpu
t line 148.
(pdftex.def)             Requested size: 345.0pt x 303.82967pt.
<baseline_screenshots/carry_out_waveform.png, id=52, 1093.08376pt x 987.69pt>
File: baseline_screenshots/carry_out_waveform.png Graphic file (type png)
<use baseline_screenshots/carry_out_waveform.png>
Package pdftex.def Info: baseline_screenshots/carry_out_waveform.png used on in
put line 154.
(pdftex.def)             Requested size: 345.0pt x 311.72684pt.
[9 <./baseline_screenshots/sum_out_waveform.png>]
Underfull \hbox (badness 10000) in paragraph at lines 162--163

 []

[10 <./baseline_screenshots/carry_out_waveform.png>]
<baseline_screenshots/baseline_worst_case_sum_delay.png, id=61, 1359.0775pt x 9
27.465pt>
File: baseline_screenshots/baseline_worst_case_sum_delay.png Graphic file (type
 png)
<use baseline_screenshots/baseline_worst_case_sum_delay.png>
Package pdftex.def Info: baseline_screenshots/baseline_worst_case_sum_delay.png
 used on input line 173.
(pdftex.def)             Requested size: 345.0pt x 235.43198pt.

<baseline_screenshots/baseline_sum_driver.png, id=62, 1289.81876pt x 850.17625p
t>
File: baseline_screenshots/baseline_sum_driver.png Graphic file (type png)
<use baseline_screenshots/baseline_sum_driver.png>
Package pdftex.def Info: baseline_screenshots/baseline_sum_driver.png used on i
nput line 179.
(pdftex.def)             Requested size: 345.0pt x 227.3972pt.
[11 <./baseline_screenshots/baseline_worst_case_sum_delay.png>] <baseline_scree
nshots/entire_adder.png, id=67, 436.63126pt x 842.14626pt>
File: baseline_screenshots/entire_adder.png Graphic file (type png)
<use baseline_screenshots/entire_adder.png>
Package pdftex.def Info: baseline_screenshots/entire_adder.png used on input li
ne 185.
(pdftex.def)             Requested size: 270.0pt x 520.76318pt.
[12 <./baseline_screenshots/baseline_sum_driver.png>] <baseline_screenshots/zoo
med_adder.png, id=72, 1152.305pt x 709.65125pt>
File: baseline_screenshots/zoomed_adder.png Graphic file (type png)
<use baseline_screenshots/zoomed_adder.png>
Package pdftex.def Info: baseline_screenshots/zoomed_adder.png used on input li
ne 191.
(pdftex.def)             Requested size: 345.0pt x 212.46387pt.
[13 <./baseline_screenshots/entire_adder.png>]
Underfull \hbox (badness 10000) in paragraph at lines 199--200

 []

[14 <./baseline_screenshots/zoomed_adder.png>]
<baseline_screenshots/baseline_test_power_sch.png, id=82, 1261.71375pt x 828.09
375pt>
File: baseline_screenshots/baseline_test_power_sch.png Graphic file (type png)
<use baseline_screenshots/baseline_test_power_sch.png>
Package pdftex.def Info: baseline_screenshots/baseline_test_power_sch.png used 
on input line 226.
(pdftex.def)             Requested size: 345.0pt x 226.43132pt.

<baseline_screenshots/baseline_leakage_energy.png, id=83, 1580.90625pt x 978.65
625pt>
File: baseline_screenshots/baseline_leakage_energy.png Graphic file (type png)
<use baseline_screenshots/baseline_leakage_energy.png>
Package pdftex.def Info: baseline_screenshots/baseline_leakage_energy.png used 
on input line 231.
(pdftex.def)             Requested size: 345.0pt x 213.5728pt.

<baseline_screenshots/baseline_leakage_energy_zoom.png, id=84, 1539.7525pt x 93
9.51pt>
File: baseline_screenshots/baseline_leakage_energy_zoom.png Graphic file (type 
png)
<use baseline_screenshots/baseline_leakage_energy_zoom.png>
Package pdftex.def Info: baseline_screenshots/baseline_leakage_energy_zoom.png 
used on input line 236.
(pdftex.def)             Requested size: 345.0pt x 210.50615pt.
[15 <./baseline_screenshots/baseline_test_power_sch.png>] [16 <./baseline_scree
nshots/baseline_leakage_energy.png> <./baseline_screenshots/baseline_leakage_en
ergy_zoom.png>]
Underfull \hbox (badness 10000) in paragraph at lines 244--246

 []


Underfull \hbox (badness 10000) in paragraph at lines 246--248

 []


Underfull \hbox (badness 10000) in paragraph at lines 248--250

 []


Underfull \hbox (badness 10000) in paragraph at lines 250--252

 []

<opt_screenshots/opt_carry_sch.png, id=94, 882.29625pt x 866.23625pt>
File: opt_screenshots/opt_carry_sch.png Graphic file (type png)
<use opt_screenshots/opt_carry_sch.png>
Package pdftex.def Info: opt_screenshots/opt_carry_sch.png used on input line 2
55.
(pdftex.def)             Requested size: 345.0pt x 338.71637pt.
[17] <opt_screenshots/opt_ncarry_sch.png, id=98, 995.72pt x 863.225pt>
File: opt_screenshots/opt_ncarry_sch.png Graphic file (type png)
<use opt_screenshots/opt_ncarry_sch.png>
Package pdftex.def Info: opt_screenshots/opt_ncarry_sch.png used on input line 
261.
(pdftex.def)             Requested size: 345.0pt x 299.0906pt.
[18 <./opt_screenshots/opt_carry_sch.png>] <opt_screenshots/opt_sum_sch.png, id
=103, 1277.77374pt x 748.7975pt>
File: opt_screenshots/opt_sum_sch.png Graphic file (type png)
<use opt_screenshots/opt_sum_sch.png>
Package pdftex.def Info: opt_screenshots/opt_sum_sch.png used on input line 267
.
(pdftex.def)             Requested size: 345.0pt x 202.17802pt.
[19 <./opt_screenshots/opt_ncarry_sch.png>] <opt_screenshots/opt_nsum_sch.png, 
id=109, 1082.0425pt x 735.74875pt>
File: opt_screenshots/opt_nsum_sch.png Graphic file (type png)
<use opt_screenshots/opt_nsum_sch.png>
Package pdftex.def Info: opt_screenshots/opt_nsum_sch.png used on input line 27
3.
(pdftex.def)             Requested size: 345.0pt x 234.57996pt.
<opt_screenshots/opt_1b_adder_sch.png, id=110, 1306.8825pt x 866.23625pt>
File: opt_screenshots/opt_1b_adder_sch.png Graphic file (type png)
<use opt_screenshots/opt_1b_adder_sch.png>
Package pdftex.def Info: opt_screenshots/opt_1b_adder_sch.png used on input lin
e 279.
(pdftex.def)             Requested size: 345.0pt x 228.66592pt.
[20 <./opt_screenshots/opt_sum_sch.png> <./opt_screenshots/opt_nsum_sch.png>] <
opt_screenshots/opt_1b_nadder_sch.png, id=116, 1403.2425pt x 909.3975pt>
File: opt_screenshots/opt_1b_nadder_sch.png Graphic file (type png)
<use opt_screenshots/opt_1b_nadder_sch.png>
Package pdftex.def Info: opt_screenshots/opt_1b_nadder_sch.png used on input li
ne 285.
(pdftex.def)             Requested size: 345.0pt x 223.57446pt.
<opt_screenshots/opt_16b_adder_sch.png, id=117, 280.04625pt x 828.09375pt>
File: opt_screenshots/opt_16b_adder_sch.png Graphic file (type png)
<use opt_screenshots/opt_16b_adder_sch.png>
Package pdftex.def Info: opt_screenshots/opt_16b_adder_sch.png used on input li
ne 291.
(pdftex.def)             Requested size: 345.0pt x 1020.20456pt.
[21 <./opt_screenshots/opt_1b_adder_sch.png> <./opt_screenshots/opt_1b_nadder_s
ch.png>]
Overfull \vbox (494.149pt too high) has occurred while \output is active []

[22 <./opt_screenshots/opt_16b_adder_sch.png>]
<opt_screenshots/opt_16b_adder_sch_zoom1.png, id=127, 1393.205pt x 905.3825pt>
File: opt_screenshots/opt_16b_adder_sch_zoom1.png Graphic file (type png)
<use opt_screenshots/opt_16b_adder_sch_zoom1.png>
Package pdftex.def Info: opt_screenshots/opt_16b_adder_sch_zoom1.png used on in
put line 297.
(pdftex.def)             Requested size: 345.0pt x 224.18993pt.
<opt_screenshots/opt_16b_adder_sch_zoom2.png, id=128, 1365.1pt x 880.28876pt>
File: opt_screenshots/opt_16b_adder_sch_zoom2.png Graphic file (type png)
<use opt_screenshots/opt_16b_adder_sch_zoom2.png>
Package pdftex.def Info: opt_screenshots/opt_16b_adder_sch_zoom2.png used on in
put line 303.
(pdftex.def)             Requested size: 345.0pt x 222.46255pt.
[23 <./opt_screenshots/opt_16b_adder_sch_zoom1.png> <./opt_screenshots/opt_16b_
adder_sch_zoom2.png>]
Overfull \hbox (2.13367pt too wide) in paragraph at lines 314--315
[]\OT1/cmr/m/n/10 Replace 3-input XOR with pass tran-sis-tor logic XOR cas-cade
 ($667\OML/cmm/m/it/10 :\OT1/cmr/m/n/10 123\OML/cmm/m/it/10 ps \OMS/cmsy/m/n/10
 !
 []

<opt_screenshots/pass_xor_sch.png, id=134, 1280.785pt x 870.25125pt>
File: opt_screenshots/pass_xor_sch.png Graphic file (type png)
<use opt_screenshots/pass_xor_sch.png>
Package pdftex.def Info: opt_screenshots/pass_xor_sch.png used on input line 32
5.
(pdftex.def)             Requested size: 345.0pt x 234.41325pt.
[24] <opt_screenshots/pass_xnor_sch.png, id=138, 974.64125pt x 814.04124pt>
File: opt_screenshots/pass_xnor_sch.png Graphic file (type png)
<use opt_screenshots/pass_xnor_sch.png>
Package pdftex.def Info: opt_screenshots/pass_xnor_sch.png used on input line 3
31.
(pdftex.def)             Requested size: 345.0pt x 288.14822pt.
[25 <./opt_screenshots/pass_xor_sch.png>]
<opt_screenshots/test_logic_ideal_sum_out.png, id=144, 1270.7475pt x 699.61375p
t>
File: opt_screenshots/test_logic_ideal_sum_out.png Graphic file (type png)
<use opt_screenshots/test_logic_ideal_sum_out.png>
Package pdftex.def Info: opt_screenshots/test_logic_ideal_sum_out.png used on i
nput line 340.
(pdftex.def)             Requested size: 345.0pt x 189.94441pt.
[26 <./opt_screenshots/pass_xnor_sch.png>]
<opt_screenshots/test_logic_ideal_carry_out.png, id=149, 1323.94624pt x 638.385
pt>
File: opt_screenshots/test_logic_ideal_carry_out.png Graphic file (type png)
<use opt_screenshots/test_logic_ideal_carry_out.png>
Package pdftex.def Info: opt_screenshots/test_logic_ideal_carry_out.png used on
 input line 346.
(pdftex.def)             Requested size: 345.0pt x 166.34633pt.

<opt_screenshots/test_logic_sum_out_sch.png, id=150, 1066.98625pt x 865.2325pt>
File: opt_screenshots/test_logic_sum_out_sch.png Graphic file (type png)
<use opt_screenshots/test_logic_sum_out_sch.png>
Package pdftex.def Info: opt_screenshots/test_logic_sum_out_sch.png used on inp
ut line 353.
(pdftex.def)             Requested size: 345.0pt x 279.75818pt.
[27 <./opt_screenshots/test_logic_ideal_sum_out.png> <./opt_screenshots/test_lo
gic_ideal_carry_out.png>] <opt_screenshots/test_logic_sum_out.png, id=156, 1019
.81pt x 1004.75375pt>
File: opt_screenshots/test_logic_sum_out.png Graphic file (type png)
<use opt_screenshots/test_logic_sum_out.png>
Package pdftex.def Info: opt_screenshots/test_logic_sum_out.png used on input l
ine 359.
(pdftex.def)             Requested size: 345.0pt x 339.90999pt.
[28 <./opt_screenshots/test_logic_sum_out_sch.png>]
<opt_screenshots/test_logic_nsum_out_sch.png, id=161, 1014.79124pt x 870.25125p
t>
File: opt_screenshots/test_logic_nsum_out_sch.png Graphic file (type png)
<use opt_screenshots/test_logic_nsum_out_sch.png>
Package pdftex.def Info: opt_screenshots/test_logic_nsum_out_sch.png used on in
put line 366.
(pdftex.def)             Requested size: 345.0pt x 295.85495pt.
[29 <./opt_screenshots/test_logic_sum_out.png>] <opt_screenshots/test_logic_nsu
m_out.png, id=166, 1121.18875pt x 1007.765pt>
File: opt_screenshots/test_logic_nsum_out.png Graphic file (type png)
<use opt_screenshots/test_logic_nsum_out.png>
Package pdftex.def Info: opt_screenshots/test_logic_nsum_out.png used on input 
line 372.
(pdftex.def)             Requested size: 345.0pt x 310.09734pt.
[30 <./opt_screenshots/test_logic_nsum_out_sch.png>]
<opt_screenshots/test_logic_opt_carry_sch.png, id=171, 1023.825pt x 677.53125pt
>
File: opt_screenshots/test_logic_opt_carry_sch.png Graphic file (type png)
<use opt_screenshots/test_logic_opt_carry_sch.png>
Package pdftex.def Info: opt_screenshots/test_logic_opt_carry_sch.png used on i
nput line 379.
(pdftex.def)             Requested size: 345.0pt x 228.3106pt.
[31 <./opt_screenshots/test_logic_nsum_out.png>]
<opt_screenshots/test_logic_real_carry_out.png, id=177, 1203.49625pt x 1009.772
5pt>
File: opt_screenshots/test_logic_real_carry_out.png Graphic file (type png)
<use opt_screenshots/test_logic_real_carry_out.png>
Package pdftex.def Info: opt_screenshots/test_logic_real_carry_out.png used on 
input line 385.
(pdftex.def)             Requested size: 345.0pt x 289.4676pt.
[32 <./opt_screenshots/test_logic_opt_carry_sch.png>]
<opt_screenshots/test_logic_opt_ncarry_sch.png, id=182, 1016.79875pt x 778.91pt
>
File: opt_screenshots/test_logic_opt_ncarry_sch.png Graphic file (type png)
<use opt_screenshots/test_logic_opt_ncarry_sch.png>
Package pdftex.def Info: opt_screenshots/test_logic_opt_ncarry_sch.png used on 
input line 392.
(pdftex.def)             Requested size: 345.0pt x 264.27917pt.
[33 <./opt_screenshots/test_logic_real_carry_out.png>]
<opt_screenshots/test_logic_real_ncarry_out.png, id=187, 1162.3425pt x 977.6525
pt>
File: opt_screenshots/test_logic_real_ncarry_out.png Graphic file (type png)
<use opt_screenshots/test_logic_real_ncarry_out.png>
Package pdftex.def Info: opt_screenshots/test_logic_real_ncarry_out.png used on
 input line 398.
(pdftex.def)             Requested size: 345.0pt x 290.1802pt.
[34 <./opt_screenshots/test_logic_opt_ncarry_sch.png>]
<opt_screenshots/test_logic_1b_adder_sch.png, id=192, 1135.24126pt x 767.86874p
t>
File: opt_screenshots/test_logic_1b_adder_sch.png Graphic file (type png)
<use opt_screenshots/test_logic_1b_adder_sch.png>
Package pdftex.def Info: opt_screenshots/test_logic_1b_adder_sch.png used on in
put line 405.
(pdftex.def)             Requested size: 345.0pt x 233.35016pt.
[35 <./opt_screenshots/test_logic_real_ncarry_out.png>] <opt_screenshots/test_l
ogic_1b_adder.png, id=197, 1039.885pt x 1009.7725pt>
File: opt_screenshots/test_logic_1b_adder.png Graphic file (type png)
<use opt_screenshots/test_logic_1b_adder.png>
Package pdftex.def Info: opt_screenshots/test_logic_1b_adder.png used on input 
line 411.
(pdftex.def)             Requested size: 345.0pt x 334.99786pt.
[36 <./opt_screenshots/test_logic_1b_adder_sch.png>]
<opt_screenshots/test_logic_1b_nadder_sch.png, id=202, 1190.4475pt x 850.17625p
t>
File: opt_screenshots/test_logic_1b_nadder_sch.png Graphic file (type png)
<use opt_screenshots/test_logic_1b_nadder_sch.png>
Package pdftex.def Info: opt_screenshots/test_logic_1b_nadder_sch.png used on i
nput line 418.
(pdftex.def)             Requested size: 345.0pt x 246.37616pt.
[37 <./opt_screenshots/test_logic_1b_adder.png>] <opt_screenshots/test_logic_1b
_nadder.png, id=208, 945.5325pt x 1004.75375pt>
File: opt_screenshots/test_logic_1b_nadder.png Graphic file (type png)
<use opt_screenshots/test_logic_1b_nadder.png>
Package pdftex.def Info: opt_screenshots/test_logic_1b_nadder.png used on input
 line 424.
(pdftex.def)             Requested size: 345.0pt x 366.6171pt.
[38 <./opt_screenshots/test_logic_1b_nadder_sch.png>]
Overfull \hbox (13.50052pt too wide) in paragraph at lines 430--431
\OT1/cmr/m/n/10 (0\OML/cmm/m/it/10 xffff; \OT1/cmr/m/n/10 0\OML/cmm/m/it/10 xff
ff\OT1/cmr/m/n/10 ) \OMS/cmsy/m/n/10 ! \OT1/cmr/m/n/10 (0\OML/cmm/m/it/10 x\OT1
/cmr/m/n/10 0000\OML/cmm/m/it/10 ; \OT1/cmr/m/n/10 0\OML/cmm/m/it/10 xffff\OT1/
cmr/m/n/10 ) \OMS/cmsy/m/n/10 ! \OT1/cmr/m/n/10 (0\OML/cmm/m/it/10 xffff; \OT1/
cmr/m/n/10 0\OML/cmm/m/it/10 x\OT1/cmr/m/n/10 0000) \OMS/cmsy/m/n/10 ! \OT1/cmr
/m/n/10 (0\OML/cmm/m/it/10 x\OT1/cmr/m/n/10 0000\OML/cmm/m/it/10 ; \OT1/cmr/m/n
/10 0\OML/cmm/m/it/10 x\OT1/cmr/m/n/10 0000)$.
 []

File: opt_screenshots/test_logic_16b_adder.png Graphic file (type png)
<use opt_screenshots/test_logic_16b_adder.png>
Package pdftex.def Info: opt_screenshots/test_logic_16b_adder.png used on input
 line 433.
(pdftex.def)             Requested size: 345.0pt x 235.88228pt.
[39 <./opt_screenshots/test_logic_1b_nadder.png>]
Overfull \hbox (52.99025pt too wide) in paragraph at lines 504--504
[] 
 []

[40]
Overfull \vbox (439.98431pt too high) has occurred while \output is active []

[41] <opt_screenshots/inv_fo4_sch.png, id=223, 942.52126pt x 627.34375pt>
File: opt_screenshots/inv_fo4_sch.png Graphic file (type png)
<use opt_screenshots/inv_fo4_sch.png>
Package pdftex.def Info: opt_screenshots/inv_fo4_sch.png used on input line 552
.
(pdftex.def)             Requested size: 345.0pt x 229.63428pt.
[42] <opt_screenshots/inv_fo4_sim.png, id=227, 1429.34pt x 911.405pt>
File: opt_screenshots/inv_fo4_sim.png Graphic file (type png)
<use opt_screenshots/inv_fo4_sim.png>
Package pdftex.def Info: opt_screenshots/inv_fo4_sim.png used on input line 558
.
(pdftex.def)             Requested size: 345.0pt x 219.97939pt.
[43 <./opt_screenshots/inv_fo4_sch.png>]
Overfull \hbox (36.15671pt too wide) in paragraph at lines 564--565
\OT1/cmr/m/n/10 The de-lay from the 16-bit adder was mea-sured with in-puts $(\
OML/cmm/m/it/10 A; B\OT1/cmr/m/n/10 ) = (0\OML/cmm/m/it/10 xffff; \OT1/cmr/m/n/
10 0\OML/cmm/m/it/10 x\OT1/cmr/m/n/10 0000) \OMS/cmsy/m/n/10 !
 []

<opt_screenshots/opt_adder_buffer_sch.png, id=233, 1014.79124pt x 734.745pt>
File: opt_screenshots/opt_adder_buffer_sch.png Graphic file (type png)
<use opt_screenshots/opt_adder_buffer_sch.png>
Package pdftex.def Info: opt_screenshots/opt_adder_buffer_sch.png used on input
 line 567.
(pdftex.def)             Requested size: 345.0pt x 249.78757pt.
[44 <./opt_screenshots/inv_fo4_sim.png>]
<opt_screenshots/opt_16b_adder_delay_waveform.png, id=238, 1216.545pt x 996.723
75pt>
File: opt_screenshots/opt_16b_adder_delay_waveform.png Graphic file (type png)
<use opt_screenshots/opt_16b_adder_delay_waveform.png>
Package pdftex.def Info: opt_screenshots/opt_16b_adder_delay_waveform.png used 
on input line 573.
(pdftex.def)             Requested size: 345.0pt x 282.6548pt.
[45 <./opt_screenshots/opt_adder_buffer_sch.png>]
<opt_screenshots/opt_16b_adder_delay_waveform_zoom.png, id=243, 1420.30624pt x 
821.0675pt>
File: opt_screenshots/opt_16b_adder_delay_waveform_zoom.png Graphic file (type 
png)
<use opt_screenshots/opt_16b_adder_delay_waveform_zoom.png>
Package pdftex.def Info: opt_screenshots/opt_16b_adder_delay_waveform_zoom.png 
used on input line 579.
(pdftex.def)             Requested size: 345.0pt x 199.44063pt.
[46 <./opt_screenshots/opt_16b_adder_delay_waveform.png>] [47 <./opt_screenshot
s/opt_16b_adder_delay_waveform_zoom.png>] <opt_screenshots/energy_adder_wavefor
m.png, id=252, 1597.97pt x 988.69376pt>
File: opt_screenshots/energy_adder_waveform.png Graphic file (type png)
<use opt_screenshots/energy_adder_waveform.png>
Package pdftex.def Info: opt_screenshots/energy_adder_waveform.png used on inpu
t line 610.
(pdftex.def)             Requested size: 345.0pt x 213.45511pt.
[48]
Overfull \hbox (40.30835pt too wide) in paragraph at lines 634--637
\OT1/cmr/m/n/10 To cal-cu-late this, I use the four cases $(\OML/cmm/m/it/10 A;
 B\OT1/cmr/m/n/10 ) = (0\OML/cmm/m/it/10 xffff; \OT1/cmr/m/n/10 0\OML/cmm/m/it/
10 xffff\OT1/cmr/m/n/10 ) \OMS/cmsy/m/n/10 ! \OT1/cmr/m/n/10 (0\OML/cmm/m/it/10
 x\OT1/cmr/m/n/10 0000\OML/cmm/m/it/10 ; \OT1/cmr/m/n/10 0\OML/cmm/m/it/10 xfff
f\OT1/cmr/m/n/10 ) \OMS/cmsy/m/n/10 !
 []

[49 <./opt_screenshots/energy_adder_waveform.png>]
Overfull \hbox (2.13367pt too wide) in paragraph at lines 640--641
[]\OT1/cmr/m/n/10 Replace 3-input XOR with pass tran-sis-tor logic XOR cas-cade
 ($667\OML/cmm/m/it/10 :\OT1/cmr/m/n/10 123\OML/cmm/m/it/10 ps \OMS/cmsy/m/n/10
 !
 []

[50] [51] (./main.aux) ) 
Here is how much of TeX's memory you used:
 2736 strings out of 492995
 42377 string characters out of 6132704
 112447 words of memory out of 5000000
 6218 multiletter control sequences out of 15000+600000
 6745 words of font info for 25 fonts, out of 8000000 for 9000
 1141 hyphenation exceptions out of 8191
 39i,13n,25p,857b,221s stack positions out of 5000i,500n,10000p,200000b,80000s
</usr/local/texlive/2017/texmf-dist/fonts/type1/public/
amsfonts/cm/cmbx10.pfb></usr/local/texlive/2017/texmf-dist/fonts/type1/public/a
msfonts/cm/cmbx12.pfb></usr/local/texlive/2017/texmf-dist/fonts/type1/public/am
sfonts/cm/cmmi10.pfb></usr/local/texlive/2017/texmf-dist/fonts/type1/public/ams
fonts/cm/cmmi5.pfb></usr/local/texlive/2017/texmf-dist/fonts/type1/public/amsfo
nts/cm/cmmi7.pfb></usr/local/texlive/2017/texmf-dist/fonts/type1/public/amsfont
s/cm/cmr10.pfb></usr/local/texlive/2017/texmf-dist/fonts/type1/public/amsfonts/
cm/cmr7.pfb></usr/local/texlive/2017/texmf-dist/fonts/type1/public/amsfonts/cm/
cmsy10.pfb></usr/local/texlive/2017/texmf-dist/fonts/type1/public/amsfonts/cm/c
msy7.pfb></usr/local/texlive/2017/texmf-dist/fonts/type1/public/amsfonts/cm/cmt
i10.pfb></usr/local/texlive/2017/texmf-dist/fonts/type1/public/amsfonts/cm/cmtt
10.pfb>
Output written on main.pdf (51 pages, 2345389 bytes).
PDF statistics:
 307 PDF objects out of 1000 (max. 8388607)
 149 compressed objects within 2 object streams
 0 named destinations out of 1000 (max. 500000)
 231 words of extra memory for PDF output out of 10000 (max. 10000000)

